<?xml version="1.0" encoding="utf-8"?>
<coverage line-rate="0.7793000000000001" branch-rate="0.6426999999999999" version="1.9" timestamp="1778541329" lines-covered="3292" lines-valid="4224" branches-covered="599" branches-valid="932">
  <sources>
    <source>C:\Users\User\Desktop\Laisvalaikio-preki--dalinimosi-platforma\Server\</source>
  </sources>
  <packages>
    <package name="Server" line-rate="0.7793000000000001" branch-rate="0.6426999999999999" complexity="1400">
      <classes>
        <class name="LoginController" filename="Controllers\LoginController.cs" line-rate="0.7209" branch-rate="1" complexity="5">
          <methods>
            <method name="Ping" signature="()" line-rate="1" branch-rate="1" complexity="1">
              <lines>
                <line number="56" hits="3" branch="False" />
                <line number="57" hits="3" branch="False" />
                <line number="58" hits="3" branch="False" />
                <line number="59" hits="3" branch="False" />
                <line number="60" hits="3" branch="False" />
                <line number="61" hits="3" branch="False" />
                <line number="62" hits="3" branch="False" />
                <line number="63" hits="3" branch="False" />
              </lines>
            </method>
            <method name="GoogleLogin" signature="()" line-rate="0" branch-rate="1" complexity="1">
              <lines>
                <line number="576" hits="0" branch="False" />
                <line number="577" hits="0" branch="False" />
                <line number="578" hits="0" branch="False" />
                <line number="579" hits="0" branch="False" />
              </lines>
            </method>
            <method name="FacebookLogin" signature="()" line-rate="0" branch-rate="1" complexity="1">
              <lines>
                <line number="639" hits="0" branch="False" />
                <line number="640" hits="0" branch="False" />
                <line number="641" hits="0" branch="False" />
                <line number="642" hits="0" branch="False" />
              </lines>
            </method>
            <method name="MicrosoftLogin" signature="()" line-rate="0" branch-rate="1" complexity="1">
              <lines>
                <line number="671" hits="0" branch="False" />
                <line number="672" hits="0" branch="False" />
                <line number="673" hits="0" branch="False" />
                <line number="674" hits="0" branch="False" />
              </lines>
            </method>
            <method name=".ctor" signature="(Microsoft.AspNetCore.Identity.UserManager`1&lt;Server.Models.ApplicationUser&gt;,Microsoft.AspNetCore.Identity.SignInManager`1&lt;Server.Models.ApplicationUser&gt;,Server.Services.ITokenService,Microsoft.AspNetCore.Http.IHttpContextAccessor,Microsoft.Extensions.Configuration.IConfiguration,Microsoft.AspNetCore.Identity.RoleManager`1&lt;Microsoft.AspNetCore.Identity.IdentityRole&gt;,Server.Services.IFirebaseTokenVerifier,Server.Services.IGoogleIdTokenValidator,System.Net.Http.IHttpClientFactory,ApplicationDbContext)" line-rate="1" branch-rate="1" complexity="1">
              <lines>
                <line number="29" hits="36" branch="False" />
                <line number="30" hits="36" branch="False" />
                <line number="31" hits="36" branch="False" />
                <line number="32" hits="36" branch="False" />
                <line number="33" hits="36" branch="False" />
                <line number="34" hits="36" branch="False" />
                <line number="35" hits="36" branch="False" />
                <line number="36" hits="36" branch="False" />
                <line number="37" hits="36" branch="False" />
                <line number="38" hits="36" branch="False" />
                <line number="39" hits="36" branch="False" />
                <line number="40" hits="36" branch="False" />
                <line number="41" hits="36" branch="False" />
                <line number="42" hits="36" branch="False" />
                <line number="43" hits="36" branch="False" />
                <line number="44" hits="36" branch="False" />
                <line number="45" hits="36" branch="False" />
                <line number="46" hits="36" branch="False" />
                <line number="47" hits="36" branch="False" />
                <line number="48" hits="36" branch="False" />
                <line number="49" hits="36" branch="False" />
                <line number="50" hits="36" branch="False" />
                <line number="51" hits="36" branch="False" />
              </lines>
            </method>
          </methods>
          <lines>
            <line number="56" hits="3" branch="False" />
            <line number="57" hits="3" branch="False" />
            <line number="58" hits="3" branch="False" />
            <line number="59" hits="3" branch="False" />
            <line number="60" hits="3" branch="False" />
            <line number="61" hits="3" branch="False" />
            <line number="62" hits="3" branch="False" />
            <line number="63" hits="3" branch="False" />
            <line number="576" hits="0" branch="False" />
            <line number="577" hits="0" branch="False" />
            <line number="578" hits="0" branch="False" />
            <line number="579" hits="0" branch="False" />
            <line number="639" hits="0" branch="False" />
            <line number="640" hits="0" branch="False" />
            <line number="641" hits="0" branch="False" />
            <line number="642" hits="0" branch="False" />
            <line number="671" hits="0" branch="False" />
            <line number="672" hits="0" branch="False" />
            <line number="673" hits="0" branch="False" />
            <line number="674" hits="0" branch="False" />
            <line number="29" hits="36" branch="False" />
            <line number="30" hits="36" branch="False" />
            <line number="31" hits="36" branch="False" />
            <line number="32" hits="36" branch="False" />
            <line number="33" hits="36" branch="False" />
            <line number="34" hits="36" branch="False" />
            <line number="35" hits="36" branch="False" />
            <line number="36" hits="36" branch="False" />
            <line number="37" hits="36" branch="False" />
            <line number="38" hits="36" branch="False" />
            <line number="39" hits="36" branch="False" />
            <line number="40" hits="36" branch="False" />
            <line number="41" hits="36" branch="False" />
            <line number="42" hits="36" branch="False" />
            <line number="43" hits="36" branch="False" />
            <line number="44" hits="36" branch="False" />
            <line number="45" hits="36" branch="False" />
            <line number="46" hits="36" branch="False" />
            <line number="47" hits="36" branch="False" />
            <line number="48" hits="36" branch="False" />
            <line number="49" hits="36" branch="False" />
            <line number="50" hits="36" branch="False" />
            <line number="51" hits="36" branch="False" />
          </lines>
        </class>
        <class name="LoginController/GoogleMobileRequest" filename="Controllers\LoginController.cs" line-rate="1" branch-rate="1" complexity="1">
          <methods>
            <method name="get_IdToken" signature="()" line-rate="1" branch-rate="1" complexity="1">
              <lines>
                <line number="781" hits="6" branch="False" />
              </lines>
            </method>
          </methods>
          <lines>
            <line number="781" hits="6" branch="False" />
          </lines>
        </class>
        <class name="LoginController/FirebaseLoginRequest" filename="Controllers\LoginController.cs" line-rate="1" branch-rate="1" complexity="3">
          <methods>
            <method name="get_FirebaseToken" signature="()" line-rate="1" branch-rate="1" complexity="1">
              <lines>
                <line number="786" hits="8" branch="False" />
              </lines>
            </method>
            <method name="get_Email" signature="()" line-rate="1" branch-rate="1" complexity="1">
              <lines>
                <line number="787" hits="7" branch="False" />
              </lines>
            </method>
            <method name="get_Uid" signature="()" line-rate="1" branch-rate="1" complexity="1">
              <lines>
                <line number="788" hits="6" branch="False" />
              </lines>
            </method>
          </methods>
          <lines>
            <line number="786" hits="8" branch="False" />
            <line number="787" hits="7" branch="False" />
            <line number="788" hits="6" branch="False" />
          </lines>
        </class>
        <class name="LoginController/FirebaseRegisterRequest" filename="Controllers\LoginController.cs" line-rate="0.375" branch-rate="1" complexity="8">
          <methods>
            <method name="get_FirebaseToken" signature="()" line-rate="1" branch-rate="1" complexity="1">
              <lines>
                <line number="793" hits="4" branch="False" />
              </lines>
            </method>
            <method name="get_Email" signature="()" line-rate="1" branch-rate="1" complexity="1">
              <lines>
                <line number="794" hits="6" branch="False" />
              </lines>
            </method>
            <method name="get_Uid" signature="()" line-rate="1" branch-rate="1" complexity="1">
              <lines>
                <line number="795" hits="5" branch="False" />
              </lines>
            </method>
            <method name="get_FirstName" signature="()" line-rate="0" branch-rate="1" complexity="1">
              <lines>
                <line number="796" hits="0" branch="False" />
              </lines>
            </method>
            <method name="get_LastName" signature="()" line-rate="0" branch-rate="1" complexity="1">
              <lines>
                <line number="797" hits="0" branch="False" />
              </lines>
            </method>
            <method name="get_Theme" signature="()" line-rate="0" branch-rate="1" complexity="1">
              <lines>
                <line number="798" hits="0" branch="False" />
              </lines>
            </method>
            <method name="get_AvatarUrl" signature="()" line-rate="0" branch-rate="1" complexity="1">
              <lines>
                <line number="799" hits="0" branch="False" />
              </lines>
            </method>
            <method name="get_ReferralUserId" signature="()" line-rate="0" branch-rate="1" complexity="1">
              <lines>
                <line number="800" hits="0" branch="False" />
              </lines>
            </method>
          </methods>
          <lines>
            <line number="793" hits="4" branch="False" />
            <line number="794" hits="6" branch="False" />
            <line number="795" hits="5" branch="False" />
            <line number="796" hits="0" branch="False" />
            <line number="797" hits="0" branch="False" />
            <line number="798" hits="0" branch="False" />
            <line number="799" hits="0" branch="False" />
            <line number="800" hits="0" branch="False" />
          </lines>
        </class>
        <class name="LoginController/CheckEmailRequest" filename="Controllers\LoginController.cs" line-rate="1" branch-rate="1" complexity="1">
          <methods>
            <method name="get_Email" signature="()" line-rate="1" branch-rate="1" complexity="1">
              <lines>
                <line number="805" hits="11" branch="False" />
              </lines>
            </method>
          </methods>
          <lines>
            <line number="805" hits="11" branch="False" />
          </lines>
        </class>
        <class name="LoginController/CheckFirebaseUidRequest" filename="Controllers\LoginController.cs" line-rate="1" branch-rate="1" complexity="1">
          <methods>
            <method name="get_Uid" signature="()" line-rate="1" branch-rate="1" complexity="1">
              <lines>
                <line number="810" hits="7" branch="False" />
              </lines>
            </method>
          </methods>
          <lines>
            <line number="810" hits="7" branch="False" />
          </lines>
        </class>
        <class name="LoginController/ValidateFacebookOAuthRequest" filename="Controllers\LoginController.cs" line-rate="1" branch-rate="1" complexity="7">
          <methods>
            <method name="get_AccessToken" signature="()" line-rate="1" branch-rate="1" complexity="1">
              <lines>
                <line number="815" hits="13" branch="False" />
              </lines>
            </method>
            <method name="get_Email" signature="()" line-rate="1" branch-rate="1" complexity="1">
              <lines>
                <line number="816" hits="16" branch="False" />
              </lines>
            </method>
            <method name="get_FacebookId" signature="()" line-rate="1" branch-rate="1" complexity="1">
              <lines>
                <line number="817" hits="11" branch="False" />
              </lines>
            </method>
            <method name="get_FirstName" signature="()" line-rate="1" branch-rate="1" complexity="1">
              <lines>
                <line number="818" hits="6" branch="False" />
              </lines>
            </method>
            <method name="get_LastName" signature="()" line-rate="1" branch-rate="1" complexity="1">
              <lines>
                <line number="819" hits="6" branch="False" />
              </lines>
            </method>
            <method name="get_Theme" signature="()" line-rate="1" branch-rate="1" complexity="1">
              <lines>
                <line number="820" hits="5" branch="False" />
              </lines>
            </method>
            <method name="get_AvatarUrl" signature="()" line-rate="1" branch-rate="1" complexity="1">
              <lines>
                <line number="821" hits="1" branch="False" />
              </lines>
            </method>
          </methods>
          <lines>
            <line number="815" hits="13" branch="False" />
            <line number="816" hits="16" branch="False" />
            <line number="817" hits="11" branch="False" />
            <line number="818" hits="6" branch="False" />
            <line number="819" hits="6" branch="False" />
            <line number="820" hits="5" branch="False" />
            <line number="821" hits="1" branch="False" />
          </lines>
        </class>
        <class name="LoginController/&lt;&gt;c" filename="Controllers\LoginController.cs" line-rate="0.14279999999999998" branch-rate="1" complexity="7">
          <methods>
            <method name="&lt;FirebaseRegister&gt;b__15_0" signature="(Microsoft.AspNetCore.Identity.IdentityError)" line-rate="0" branch-rate="1" complexity="1">
              <lines>
                <line number="228" hits="0" branch="False" />
              </lines>
            </method>
            <method name="&lt;FirebaseRegister&gt;b__15_1" signature="(Microsoft.AspNetCore.Identity.IdentityError)" line-rate="0" branch-rate="1" complexity="1">
              <lines>
                <line number="272" hits="0" branch="False" />
              </lines>
            </method>
            <method name="&lt;FirebaseRegister&gt;b__15_2" signature="(Microsoft.AspNetCore.Identity.IdentityError)" line-rate="0" branch-rate="1" complexity="1">
              <lines>
                <line number="274" hits="0" branch="False" />
              </lines>
            </method>
            <method name="&lt;ValidateFacebookOAuth&gt;b__17_0" signature="(Microsoft.AspNetCore.Identity.IdentityError)" line-rate="0" branch-rate="1" complexity="1">
              <lines>
                <line number="422" hits="0" branch="False" />
              </lines>
            </method>
            <method name="&lt;ValidateFacebookOAuth&gt;b__17_1" signature="(Microsoft.AspNetCore.Identity.IdentityError)" line-rate="0" branch-rate="1" complexity="1">
              <lines>
                <line number="460" hits="0" branch="False" />
              </lines>
            </method>
            <method name="&lt;ValidateFacebookOAuth&gt;b__17_2" signature="(Microsoft.AspNetCore.Identity.IdentityError)" line-rate="0" branch-rate="1" complexity="1">
              <lines>
                <line number="462" hits="0" branch="False" />
              </lines>
            </method>
            <method name="&lt;Register&gt;b__18_0" signature="(Microsoft.AspNetCore.Identity.IdentityError)" line-rate="1" branch-rate="1" complexity="1">
              <lines>
                <line number="530" hits="4" branch="False" />
              </lines>
            </method>
          </methods>
          <lines>
            <line number="228" hits="0" branch="False" />
            <line number="272" hits="0" branch="False" />
            <line number="274" hits="0" branch="False" />
            <line number="422" hits="0" branch="False" />
            <line number="460" hits="0" branch="False" />
            <line number="462" hits="0" branch="False" />
            <line number="530" hits="4" branch="False" />
          </lines>
        </class>
        <class name="LoginController/&lt;AssignAdmin&gt;d__28" filename="Controllers\LoginController.cs" line-rate="0.7894" branch-rate="0.875" complexity="8">
          <methods>
            <method name="MoveNext" signature="()" line-rate="0.7894" branch-rate="0.875" complexity="8">
              <lines>
                <line number="748" hits="4" branch="False" />
                <line number="750" hits="4" branch="False" />
                <line number="752" hits="4" branch="True" condition-coverage="100% (2/2)">
                  <conditions>
                    <condition number="196" type="jump" coverage="100%" />
                  </conditions>
                </line>
                <line number="753" hits="2" branch="False" />
                <line number="754" hits="2" branch="False" />
                <line number="755" hits="2" branch="False" />
                <line number="757" hits="4" branch="False" />
                <line number="758" hits="4" branch="True" condition-coverage="100% (2/2)">
                  <conditions>
                    <condition number="473" type="jump" coverage="100%" />
                  </conditions>
                </line>
                <line number="759" hits="1" branch="False" />
                <line number="762" hits="3" branch="True" condition-coverage="50% (1/2)">
                  <conditions>
                    <condition number="649" type="jump" coverage="50%" />
                  </conditions>
                </line>
                <line number="763" hits="0" branch="False" />
                <line number="766" hits="3" branch="False" />
                <line number="768" hits="3" branch="True" condition-coverage="100% (2/2)">
                  <conditions>
                    <condition number="836" type="jump" coverage="100%" />
                  </conditions>
                </line>
                <line number="769" hits="1" branch="False" />
                <line number="771" hits="2" branch="False" />
                <line number="773" hits="0" branch="False" />
                <line number="774" hits="0" branch="False" />
                <line number="775" hits="0" branch="False" />
                <line number="777" hits="4" branch="False" />
              </lines>
            </method>
          </methods>
          <lines>
            <line number="748" hits="4" branch="False" />
            <line number="750" hits="4" branch="False" />
            <line number="752" hits="4" branch="True" condition-coverage="100% (2/2)">
              <conditions>
                <condition number="196" type="jump" coverage="100%" />
              </conditions>
            </line>
            <line number="753" hits="2" branch="False" />
            <line number="754" hits="2" branch="False" />
            <line number="755" hits="2" branch="False" />
            <line number="757" hits="4" branch="False" />
            <line number="758" hits="4" branch="True" condition-coverage="100% (2/2)">
              <conditions>
                <condition number="473" type="jump" coverage="100%" />
              </conditions>
            </line>
            <line number="759" hits="1" branch="False" />
            <line number="762" hits="3" branch="True" condition-coverage="50% (1/2)">
              <conditions>
                <condition number="649" type="jump" coverage="50%" />
              </conditions>
            </line>
            <line number="763" hits="0" branch="False" />
            <line number="766" hits="3" branch="False" />
            <line number="768" hits="3" branch="True" condition-coverage="100% (2/2)">
              <conditions>
                <condition number="836" type="jump" coverage="100%" />
              </conditions>
            </line>
            <line number="769" hits="1" branch="False" />
            <line number="771" hits="2" branch="False" />
            <line number="773" hits="0" branch="False" />
            <line number="774" hits="0" branch="False" />
            <line number="775" hits="0" branch="False" />
            <line number="777" hits="4" branch="False" />
          </lines>
        </class>
        <class name="LoginController/&lt;CheckEmail&gt;d__13" filename="Controllers\LoginController.cs" line-rate="0.6923" branch-rate="1" complexity="1">
          <methods>
            <method name="MoveNext" signature="()" line-rate="0.6923" branch-rate="1" complexity="1">
              <lines>
                <line number="150" hits="2" branch="False" />
                <line number="152" hits="2" branch="False" />
                <line number="153" hits="2" branch="False" />
                <line number="154" hits="2" branch="False" />
                <line number="155" hits="2" branch="False" />
                <line number="156" hits="2" branch="False" />
                <line number="157" hits="2" branch="False" />
                <line number="158" hits="2" branch="False" />
                <line number="160" hits="0" branch="False" />
                <line number="161" hits="0" branch="False" />
                <line number="162" hits="0" branch="False" />
                <line number="163" hits="0" branch="False" />
                <line number="165" hits="2" branch="False" />
              </lines>
            </method>
          </methods>
          <lines>
            <line number="150" hits="2" branch="False" />
            <line number="152" hits="2" branch="False" />
            <line number="153" hits="2" branch="False" />
            <line number="154" hits="2" branch="False" />
            <line number="155" hits="2" branch="False" />
            <line number="156" hits="2" branch="False" />
            <line number="157" hits="2" branch="False" />
            <line number="158" hits="2" branch="False" />
            <line number="160" hits="0" branch="False" />
            <line number="161" hits="0" branch="False" />
            <line number="162" hits="0" branch="False" />
            <line number="163" hits="0" branch="False" />
            <line number="165" hits="2" branch="False" />
          </lines>
        </class>
        <class name="LoginController/&lt;CheckFirebaseUid&gt;d__14" filename="Controllers\LoginController.cs" line-rate="0.6923" branch-rate="1" complexity="1">
          <methods>
            <method name="MoveNext" signature="()" line-rate="0.6923" branch-rate="1" complexity="1">
              <lines>
                <line number="170" hits="2" branch="False" />
                <line number="172" hits="2" branch="False" />
                <line number="173" hits="2" branch="False" />
                <line number="174" hits="2" branch="False" />
                <line number="175" hits="2" branch="False" />
                <line number="176" hits="2" branch="False" />
                <line number="177" hits="2" branch="False" />
                <line number="178" hits="2" branch="False" />
                <line number="180" hits="0" branch="False" />
                <line number="181" hits="0" branch="False" />
                <line number="182" hits="0" branch="False" />
                <line number="183" hits="0" branch="False" />
                <line number="185" hits="2" branch="False" />
              </lines>
            </method>
          </methods>
          <lines>
            <line number="170" hits="2" branch="False" />
            <line number="172" hits="2" branch="False" />
            <line number="173" hits="2" branch="False" />
            <line number="174" hits="2" branch="False" />
            <line number="175" hits="2" branch="False" />
            <line number="176" hits="2" branch="False" />
            <line number="177" hits="2" branch="False" />
            <line number="178" hits="2" branch="False" />
            <line number="180" hits="0" branch="False" />
            <line number="181" hits="0" branch="False" />
            <line number="182" hits="0" branch="False" />
            <line number="183" hits="0" branch="False" />
            <line number="185" hits="2" branch="False" />
          </lines>
        </class>
        <class name="LoginController/&lt;CreateReferralFriendshipIfNeeded&gt;d__16" filename="Controllers\LoginController.cs" line-rate="0" branch-rate="0" complexity="10">
          <methods>
            <method name="MoveNext" signature="()" line-rate="0" branch-rate="0" complexity="10">
              <lines>
                <line number="322" hits="0" branch="False" />
                <line number="323" hits="0" branch="True" condition-coverage="0% (0/4)">
                  <conditions>
                    <condition number="113" type="jump" coverage="0%" />
                    <condition number="147" type="jump" coverage="0%" />
                  </conditions>
                </line>
                <line number="324" hits="0" branch="False" />
                <line number="325" hits="0" branch="False" />
                <line number="328" hits="0" branch="False" />
                <line number="329" hits="0" branch="True" condition-coverage="0% (0/2)">
                  <conditions>
                    <condition number="309" type="jump" coverage="0%" />
                  </conditions>
                </line>
                <line number="330" hits="0" branch="False" />
                <line number="331" hits="0" branch="False" />
                <line number="332" hits="0" branch="False" />
                <line number="335" hits="0" branch="False" />
                <line number="336" hits="0" branch="False" />
                <line number="337" hits="0" branch="False" />
                <line number="339" hits="0" branch="True" condition-coverage="0% (0/2)">
                  <conditions>
                    <condition number="810" type="jump" coverage="0%" />
                  </conditions>
                </line>
                <line number="340" hits="0" branch="False" />
                <line number="341" hits="0" branch="True" condition-coverage="0% (0/2)">
                  <conditions>
                    <condition number="837" type="jump" coverage="0%" />
                  </conditions>
                </line>
                <line number="342" hits="0" branch="False" />
                <line number="343" hits="0" branch="False" />
                <line number="344" hits="0" branch="False" />
                <line number="345" hits="0" branch="False" />
                <line number="346" hits="0" branch="False" />
                <line number="347" hits="0" branch="False" />
                <line number="350" hits="0" branch="False" />
                <line number="351" hits="0" branch="False" />
                <line number="352" hits="0" branch="False" />
                <line number="353" hits="0" branch="False" />
                <line number="354" hits="0" branch="False" />
                <line number="355" hits="0" branch="False" />
                <line number="356" hits="0" branch="False" />
                <line number="357" hits="0" branch="False" />
                <line number="359" hits="0" branch="False" />
                <line number="360" hits="0" branch="False" />
                <line number="361" hits="0" branch="False" />
              </lines>
            </method>
          </methods>
          <lines>
            <line number="322" hits="0" branch="False" />
            <line number="323" hits="0" branch="True" condition-coverage="0% (0/4)">
              <conditions>
                <condition number="113" type="jump" coverage="0%" />
                <condition number="147" type="jump" coverage="0%" />
              </conditions>
            </line>
            <line number="324" hits="0" branch="False" />
            <line number="325" hits="0" branch="False" />
            <line number="328" hits="0" branch="False" />
            <line number="329" hits="0" branch="True" condition-coverage="0% (0/2)">
              <conditions>
                <condition number="309" type="jump" coverage="0%" />
              </conditions>
            </line>
            <line number="330" hits="0" branch="False" />
            <line number="331" hits="0" branch="False" />
            <line number="332" hits="0" branch="False" />
            <line number="335" hits="0" branch="False" />
            <line number="336" hits="0" branch="False" />
            <line number="337" hits="0" branch="False" />
            <line number="339" hits="0" branch="True" condition-coverage="0% (0/2)">
              <conditions>
                <condition number="810" type="jump" coverage="0%" />
              </conditions>
            </line>
            <line number="340" hits="0" branch="False" />
            <line number="341" hits="0" branch="True" condition-coverage="0% (0/2)">
              <conditions>
                <condition number="837" type="jump" coverage="0%" />
              </conditions>
            </line>
            <line number="342" hits="0" branch="False" />
            <line number="343" hits="0" branch="False" />
            <line number="344" hits="0" branch="False" />
            <line number="345" hits="0" branch="False" />
            <line number="346" hits="0" branch="False" />
            <line number="347" hits="0" branch="False" />
            <line number="350" hits="0" branch="False" />
            <line number="351" hits="0" branch="False" />
            <line number="352" hits="0" branch="False" />
            <line number="353" hits="0" branch="False" />
            <line number="354" hits="0" branch="False" />
            <line number="355" hits="0" branch="False" />
            <line number="356" hits="0" branch="False" />
            <line number="357" hits="0" branch="False" />
            <line number="359" hits="0" branch="False" />
            <line number="360" hits="0" branch="False" />
            <line number="361" hits="0" branch="False" />
          </lines>
        </class>
        <class name="LoginController/&lt;FacebookCallback&gt;d__24" filename="Controllers\LoginController.cs" line-rate="0.21050000000000002" branch-rate="0.25" complexity="4">
          <methods>
            <method name="MoveNext" signature="()" line-rate="0.21050000000000002" branch-rate="0.25" complexity="4">
              <lines>
                <line number="646" hits="1" branch="False" />
                <line number="647" hits="1" branch="False" />
                <line number="648" hits="2" branch="True" condition-coverage="50% (1/2)">
                  <conditions>
                    <condition number="193" type="jump" coverage="50%" />
                  </conditions>
                </line>
                <line number="650" hits="0" branch="False" />
                <line number="651" hits="0" branch="False" />
                <line number="653" hits="0" branch="True" condition-coverage="0% (0/2)">
                  <conditions>
                    <condition number="396" type="jump" coverage="0%" />
                  </conditions>
                </line>
                <line number="654" hits="0" branch="False" />
                <line number="655" hits="0" branch="False" />
                <line number="656" hits="0" branch="False" />
                <line number="657" hits="0" branch="False" />
                <line number="658" hits="0" branch="False" />
                <line number="659" hits="0" branch="False" />
                <line number="660" hits="0" branch="False" />
                <line number="661" hits="0" branch="False" />
                <line number="662" hits="0" branch="False" />
                <line number="663" hits="0" branch="False" />
                <line number="665" hits="0" branch="False" />
                <line number="666" hits="0" branch="False" />
                <line number="667" hits="1" branch="False" />
              </lines>
            </method>
          </methods>
          <lines>
            <line number="646" hits="1" branch="False" />
            <line number="647" hits="1" branch="False" />
            <line number="648" hits="2" branch="True" condition-coverage="50% (1/2)">
              <conditions>
                <condition number="193" type="jump" coverage="50%" />
              </conditions>
            </line>
            <line number="650" hits="0" branch="False" />
            <line number="651" hits="0" branch="False" />
            <line number="653" hits="0" branch="True" condition-coverage="0% (0/2)">
              <conditions>
                <condition number="396" type="jump" coverage="0%" />
              </conditions>
            </line>
            <line number="654" hits="0" branch="False" />
            <line number="655" hits="0" branch="False" />
            <line number="656" hits="0" branch="False" />
            <line number="657" hits="0" branch="False" />
            <line number="658" hits="0" branch="False" />
            <line number="659" hits="0" branch="False" />
            <line number="660" hits="0" branch="False" />
            <line number="661" hits="0" branch="False" />
            <line number="662" hits="0" branch="False" />
            <line number="663" hits="0" branch="False" />
            <line number="665" hits="0" branch="False" />
            <line number="666" hits="0" branch="False" />
            <line number="667" hits="1" branch="False" />
          </lines>
        </class>
        <class name="LoginController/&lt;FirebaseLogin&gt;d__12" filename="Controllers\LoginController.cs" line-rate="0.5245000000000001" branch-rate="0.3" complexity="10">
          <methods>
            <method name="MoveNext" signature="()" line-rate="0.5245000000000001" branch-rate="0.3" complexity="10">
              <lines>
                <line number="67" hits="2" branch="False" />
                <line number="69" hits="2" branch="False" />
                <line number="70" hits="2" branch="False" />
                <line number="71" hits="2" branch="False" />
                <line number="72" hits="2" branch="False" />
                <line number="74" hits="2" branch="False" />
                <line number="77" hits="1" branch="False" />
                <line number="78" hits="1" branch="False" />
                <line number="80" hits="1" branch="True" condition-coverage="50% (1/2)">
                  <conditions>
                    <condition number="496" type="jump" coverage="50%" />
                  </conditions>
                </line>
                <line number="81" hits="0" branch="False" />
                <line number="83" hits="0" branch="False" />
                <line number="84" hits="0" branch="False" />
                <line number="85" hits="0" branch="False" />
                <line number="86" hits="0" branch="False" />
                <line number="87" hits="0" branch="False" />
                <line number="88" hits="0" branch="False" />
                <line number="89" hits="0" branch="False" />
                <line number="90" hits="0" branch="False" />
                <line number="92" hits="0" branch="False" />
                <line number="93" hits="0" branch="True" condition-coverage="0% (0/2)">
                  <conditions>
                    <condition number="740" type="jump" coverage="0%" />
                  </conditions>
                </line>
                <line number="94" hits="0" branch="False" />
                <line number="95" hits="0" branch="False" />
                <line number="99" hits="0" branch="True" condition-coverage="0% (0/2)">
                  <conditions>
                    <condition number="799" type="jump" coverage="0%" />
                  </conditions>
                </line>
                <line number="100" hits="0" branch="False" />
                <line number="101" hits="0" branch="True" condition-coverage="0% (0/2)">
                  <conditions>
                    <condition number="938" type="jump" coverage="0%" />
                  </conditions>
                </line>
                <line number="102" hits="0" branch="False" />
                <line number="103" hits="0" branch="False" />
                <line number="104" hits="0" branch="False" />
                <line number="105" hits="0" branch="False" />
                <line number="106" hits="0" branch="False" />
                <line number="107" hits="0" branch="False" />
                <line number="109" hits="1" branch="False" />
                <line number="111" hits="1" branch="True" condition-coverage="100% (2/2)">
                  <conditions>
                    <condition number="1218" type="jump" coverage="100%" />
                  </conditions>
                </line>
                <line number="112" hits="1" branch="False" />
                <line number="113" hits="1" branch="False" />
                <line number="114" hits="1" branch="False" />
                <line number="115" hits="1" branch="False" />
                <line number="116" hits="1" branch="False" />
                <line number="119" hits="1" branch="False" />
                <line number="120" hits="1" branch="False" />
                <line number="121" hits="1" branch="False" />
                <line number="122" hits="1" branch="False" />
                <line number="123" hits="1" branch="False" />
                <line number="124" hits="1" branch="False" />
                <line number="125" hits="1" branch="False" />
                <line number="126" hits="1" branch="False" />
                <line number="127" hits="1" branch="False" />
                <line number="128" hits="1" branch="False" />
                <line number="129" hits="1" branch="False" />
                <line number="131" hits="0" branch="False" />
                <line number="132" hits="0" branch="False" />
                <line number="133" hits="0" branch="False" />
                <line number="135" hits="0" branch="False" />
                <line number="136" hits="0" branch="False" />
                <line number="137" hits="0" branch="False" />
                <line number="138" hits="0" branch="False" />
                <line number="140" hits="1" branch="False" />
                <line number="141" hits="1" branch="False" />
                <line number="142" hits="1" branch="False" />
                <line number="143" hits="1" branch="False" />
                <line number="145" hits="2" branch="False" />
              </lines>
            </method>
          </methods>
          <lines>
            <line number="67" hits="2" branch="False" />
            <line number="69" hits="2" branch="False" />
            <line number="70" hits="2" branch="False" />
            <line number="71" hits="2" branch="False" />
            <line number="72" hits="2" branch="False" />
            <line number="74" hits="2" branch="False" />
            <line number="77" hits="1" branch="False" />
            <line number="78" hits="1" branch="False" />
            <line number="80" hits="1" branch="True" condition-coverage="50% (1/2)">
              <conditions>
                <condition number="496" type="jump" coverage="50%" />
              </conditions>
            </line>
            <line number="81" hits="0" branch="False" />
            <line number="83" hits="0" branch="False" />
            <line number="84" hits="0" branch="False" />
            <line number="85" hits="0" branch="False" />
            <line number="86" hits="0" branch="False" />
            <line number="87" hits="0" branch="False" />
            <line number="88" hits="0" branch="False" />
            <line number="89" hits="0" branch="False" />
            <line number="90" hits="0" branch="False" />
            <line number="92" hits="0" branch="False" />
            <line number="93" hits="0" branch="True" condition-coverage="0% (0/2)">
              <conditions>
                <condition number="740" type="jump" coverage="0%" />
              </conditions>
            </line>
            <line number="94" hits="0" branch="False" />
            <line number="95" hits="0" branch="False" />
            <line number="99" hits="0" branch="True" condition-coverage="0% (0/2)">
              <conditions>
                <condition number="799" type="jump" coverage="0%" />
              </conditions>
            </line>
            <line number="100" hits="0" branch="False" />
            <line number="101" hits="0" branch="True" condition-coverage="0% (0/2)">
              <conditions>
                <condition number="938" type="jump" coverage="0%" />
              </conditions>
            </line>
            <line number="102" hits="0" branch="False" />
            <line number="103" hits="0" branch="False" />
            <line number="104" hits="0" branch="False" />
            <line number="105" hits="0" branch="False" />
            <line number="106" hits="0" branch="False" />
            <line number="107" hits="0" branch="False" />
            <line number="109" hits="1" branch="False" />
            <line number="111" hits="1" branch="True" condition-coverage="100% (2/2)">
              <conditions>
                <condition number="1218" type="jump" coverage="100%" />
              </conditions>
            </line>
            <line number="112" hits="1" branch="False" />
            <line number="113" hits="1" branch="False" />
            <line number="114" hits="1" branch="False" />
            <line number="115" hits="1" branch="False" />
            <line number="116" hits="1" branch="False" />
            <line number="119" hits="1" branch="False" />
            <line number="120" hits="1" branch="False" />
            <line number="121" hits="1" branch="False" />
            <line number="122" hits="1" branch="False" />
            <line number="123" hits="1" branch="False" />
            <line number="124" hits="1" branch="False" />
            <line number="125" hits="1" branch="False" />
            <line number="126" hits="1" branch="False" />
            <line number="127" hits="1" branch="False" />
            <line number="128" hits="1" branch="False" />
            <line number="129" hits="1" branch="False" />
            <line number="131" hits="0" branch="False" />
            <line number="132" hits="0" branch="False" />
            <line number="133" hits="0" branch="False" />
            <line number="135" hits="0" branch="False" />
            <line number="136" hits="0" branch="False" />
            <line number="137" hits="0" branch="False" />
            <line number="138" hits="0" branch="False" />
            <line number="140" hits="1" branch="False" />
            <line number="141" hits="1" branch="False" />
            <line number="142" hits="1" branch="False" />
            <line number="143" hits="1" branch="False" />
            <line number="145" hits="2" branch="False" />
          </lines>
        </class>
        <class name="LoginController/&lt;FirebaseRegister&gt;d__15" filename="Controllers\LoginController.cs" line-rate="0.15460000000000002" branch-rate="0.125" complexity="24">
          <methods>
            <method name="MoveNext" signature="()" line-rate="0.15460000000000002" branch-rate="0.125" complexity="24">
              <lines>
                <line number="189" hits="2" branch="False" />
                <line number="191" hits="2" branch="False" />
                <line number="192" hits="2" branch="False" />
                <line number="193" hits="2" branch="False" />
                <line number="194" hits="2" branch="False" />
                <line number="195" hits="2" branch="False" />
                <line number="198" hits="2" branch="True" condition-coverage="100% (2/2)">
                  <conditions>
                    <condition number="252" type="jump" coverage="100%" />
                  </conditions>
                </line>
                <line number="199" hits="1" branch="False" />
                <line number="200" hits="1" branch="False" />
                <line number="201" hits="1" branch="False" />
                <line number="204" hits="1" branch="True" condition-coverage="50% (1/2)">
                  <conditions>
                    <condition number="308" type="jump" coverage="50%" />
                  </conditions>
                </line>
                <line number="205" hits="1" branch="False" />
                <line number="206" hits="1" branch="False" />
                <line number="207" hits="1" branch="False" />
                <line number="211" hits="0" branch="False" />
                <line number="212" hits="0" branch="False" />
                <line number="213" hits="0" branch="False" />
                <line number="216" hits="0" branch="False" />
                <line number="217" hits="0" branch="True" condition-coverage="0% (0/2)">
                  <conditions>
                    <condition number="680" type="jump" coverage="0%" />
                  </conditions>
                </line>
                <line number="218" hits="0" branch="False" />
                <line number="219" hits="0" branch="False" />
                <line number="221" hits="0" branch="True" condition-coverage="0% (0/2)">
                  <conditions>
                    <condition number="738" type="jump" coverage="0%" />
                  </conditions>
                </line>
                <line number="222" hits="0" branch="False" />
                <line number="223" hits="0" branch="False" />
                <line number="224" hits="0" branch="False" />
                <line number="225" hits="0" branch="False" />
                <line number="226" hits="0" branch="True" condition-coverage="0% (0/2)">
                  <conditions>
                    <condition number="968" type="jump" coverage="0%" />
                  </conditions>
                </line>
                <line number="227" hits="0" branch="False" />
                <line number="229" hits="0" branch="False" />
                <line number="230" hits="0" branch="False" />
                <line number="232" hits="0" branch="False" />
                <line number="233" hits="0" branch="False" />
                <line number="235" hits="0" branch="False" />
                <line number="236" hits="0" branch="False" />
                <line number="237" hits="0" branch="False" />
                <line number="239" hits="0" branch="False" />
                <line number="242" hits="0" branch="False" />
                <line number="243" hits="0" branch="False" />
                <line number="244" hits="0" branch="False" />
                <line number="245" hits="0" branch="False" />
                <line number="246" hits="0" branch="False" />
                <line number="247" hits="0" branch="False" />
                <line number="248" hits="0" branch="False" />
                <line number="249" hits="0" branch="False" />
                <line number="250" hits="0" branch="False" />
                <line number="251" hits="0" branch="False" />
                <line number="255" hits="0" branch="True" condition-coverage="0% (0/8)">
                  <conditions>
                    <condition number="1420" type="jump" coverage="0%" />
                    <condition number="1447" type="jump" coverage="0%" />
                    <condition number="1474" type="jump" coverage="0%" />
                    <condition number="1501" type="jump" coverage="0%" />
                  </conditions>
                </line>
                <line number="256" hits="0" branch="False" />
                <line number="257" hits="0" branch="False" />
                <line number="258" hits="0" branch="False" />
                <line number="259" hits="0" branch="False" />
                <line number="260" hits="0" branch="False" />
                <line number="261" hits="0" branch="False" />
                <line number="262" hits="0" branch="False" />
                <line number="263" hits="0" branch="False" />
                <line number="264" hits="0" branch="False" />
                <line number="265" hits="0" branch="False" />
                <line number="267" hits="0" branch="False" />
                <line number="268" hits="0" branch="False" />
                <line number="270" hits="0" branch="True" condition-coverage="0% (0/2)">
                  <conditions>
                    <condition number="1731" type="jump" coverage="0%" />
                  </conditions>
                </line>
                <line number="271" hits="0" branch="False" />
                <line number="273" hits="0" branch="False" />
                <line number="277" hits="0" branch="False" />
                <line number="280" hits="0" branch="True" condition-coverage="0% (0/2)">
                  <conditions>
                    <condition number="1941" type="jump" coverage="0%" />
                  </conditions>
                </line>
                <line number="281" hits="0" branch="False" />
                <line number="282" hits="0" branch="True" condition-coverage="0% (0/2)">
                  <conditions>
                    <condition number="2080" type="jump" coverage="0%" />
                  </conditions>
                </line>
                <line number="283" hits="0" branch="False" />
                <line number="284" hits="0" branch="False" />
                <line number="285" hits="0" branch="False" />
                <line number="286" hits="0" branch="False" />
                <line number="287" hits="0" branch="False" />
                <line number="289" hits="0" branch="False" />
                <line number="291" hits="0" branch="False" />
                <line number="292" hits="0" branch="False" />
                <line number="293" hits="0" branch="False" />
                <line number="294" hits="0" branch="False" />
                <line number="295" hits="0" branch="False" />
                <line number="296" hits="0" branch="False" />
                <line number="297" hits="0" branch="False" />
                <line number="298" hits="0" branch="False" />
                <line number="299" hits="0" branch="False" />
                <line number="300" hits="0" branch="False" />
                <line number="301" hits="0" branch="False" />
                <line number="303" hits="0" branch="False" />
                <line number="304" hits="0" branch="False" />
                <line number="305" hits="0" branch="False" />
                <line number="306" hits="0" branch="False" />
                <line number="308" hits="0" branch="False" />
                <line number="309" hits="0" branch="False" />
                <line number="310" hits="0" branch="False" />
                <line number="311" hits="0" branch="False" />
                <line number="313" hits="0" branch="False" />
                <line number="314" hits="0" branch="False" />
                <line number="315" hits="0" branch="False" />
                <line number="316" hits="0" branch="False" />
                <line number="317" hits="0" branch="False" />
                <line number="319" hits="2" branch="False" />
              </lines>
            </method>
          </methods>
          <lines>
            <line number="189" hits="2" branch="False" />
            <line number="191" hits="2" branch="False" />
            <line number="192" hits="2" branch="False" />
            <line number="193" hits="2" branch="False" />
            <line number="194" hits="2" branch="False" />
            <line number="195" hits="2" branch="False" />
            <line number="198" hits="2" branch="True" condition-coverage="100% (2/2)">
              <conditions>
                <condition number="252" type="jump" coverage="100%" />
              </conditions>
            </line>
            <line number="199" hits="1" branch="False" />
            <line number="200" hits="1" branch="False" />
            <line number="201" hits="1" branch="False" />
            <line number="204" hits="1" branch="True" condition-coverage="50% (1/2)">
              <conditions>
                <condition number="308" type="jump" coverage="50%" />
              </conditions>
            </line>
            <line number="205" hits="1" branch="False" />
            <line number="206" hits="1" branch="False" />
            <line number="207" hits="1" branch="False" />
            <line number="211" hits="0" branch="False" />
            <line number="212" hits="0" branch="False" />
            <line number="213" hits="0" branch="False" />
            <line number="216" hits="0" branch="False" />
            <line number="217" hits="0" branch="True" condition-coverage="0% (0/2)">
              <conditions>
                <condition number="680" type="jump" coverage="0%" />
              </conditions>
            </line>
            <line number="218" hits="0" branch="False" />
            <line number="219" hits="0" branch="False" />
            <line number="221" hits="0" branch="True" condition-coverage="0% (0/2)">
              <conditions>
                <condition number="738" type="jump" coverage="0%" />
              </conditions>
            </line>
            <line number="222" hits="0" branch="False" />
            <line number="223" hits="0" branch="False" />
            <line number="224" hits="0" branch="False" />
            <line number="225" hits="0" branch="False" />
            <line number="226" hits="0" branch="True" condition-coverage="0% (0/2)">
              <conditions>
                <condition number="968" type="jump" coverage="0%" />
              </conditions>
            </line>
            <line number="227" hits="0" branch="False" />
            <line number="229" hits="0" branch="False" />
            <line number="230" hits="0" branch="False" />
            <line number="232" hits="0" branch="False" />
            <line number="233" hits="0" branch="False" />
            <line number="235" hits="0" branch="False" />
            <line number="236" hits="0" branch="False" />
            <line number="237" hits="0" branch="False" />
            <line number="239" hits="0" branch="False" />
            <line number="242" hits="0" branch="False" />
            <line number="243" hits="0" branch="False" />
            <line number="244" hits="0" branch="False" />
            <line number="245" hits="0" branch="False" />
            <line number="246" hits="0" branch="False" />
            <line number="247" hits="0" branch="False" />
            <line number="248" hits="0" branch="False" />
            <line number="249" hits="0" branch="False" />
            <line number="250" hits="0" branch="False" />
            <line number="251" hits="0" branch="False" />
            <line number="255" hits="0" branch="True" condition-coverage="0% (0/8)">
              <conditions>
                <condition number="1420" type="jump" coverage="0%" />
                <condition number="1447" type="jump" coverage="0%" />
                <condition number="1474" type="jump" coverage="0%" />
                <condition number="1501" type="jump" coverage="0%" />
              </conditions>
            </line>
            <line number="256" hits="0" branch="False" />
            <line number="257" hits="0" branch="False" />
            <line number="258" hits="0" branch="False" />
            <line number="259" hits="0" branch="False" />
            <line number="260" hits="0" branch="False" />
            <line number="261" hits="0" branch="False" />
            <line number="262" hits="0" branch="False" />
            <line number="263" hits="0" branch="False" />
            <line number="264" hits="0" branch="False" />
            <line number="265" hits="0" branch="False" />
            <line number="267" hits="0" branch="False" />
            <line number="268" hits="0" branch="False" />
            <line number="270" hits="0" branch="True" condition-coverage="0% (0/2)">
              <conditions>
                <condition number="1731" type="jump" coverage="0%" />
              </conditions>
            </line>
            <line number="271" hits="0" branch="False" />
            <line number="273" hits="0" branch="False" />
            <line number="277" hits="0" branch="False" />
            <line number="280" hits="0" branch="True" condition-coverage="0% (0/2)">
              <conditions>
                <condition number="1941" type="jump" coverage="0%" />
              </conditions>
            </line>
            <line number="281" hits="0" branch="False" />
            <line number="282" hits="0" branch="True" condition-coverage="0% (0/2)">
              <conditions>
                <condition number="2080" type="jump" coverage="0%" />
              </conditions>
            </line>
            <line number="283" hits="0" branch="False" />
            <line number="284" hits="0" branch="False" />
            <line number="285" hits="0" branch="False" />
            <line number="286" hits="0" branch="False" />
            <line number="287" hits="0" branch="False" />
            <line number="289" hits="0" branch="False" />
            <line number="291" hits="0" branch="False" />
            <line number="292" hits="0" branch="False" />
            <line number="293" hits="0" branch="False" />
            <line number="294" hits="0" branch="False" />
            <line number="295" hits="0" branch="False" />
            <line number="296" hits="0" branch="False" />
            <line number="297" hits="0" branch="False" />
            <line number="298" hits="0" branch="False" />
            <line number="299" hits="0" branch="False" />
            <line number="300" hits="0" branch="False" />
            <line number="301" hits="0" branch="False" />
            <line number="303" hits="0" branch="False" />
            <line number="304" hits="0" branch="False" />
            <line number="305" hits="0" branch="False" />
            <line number="306" hits="0" branch="False" />
            <line number="308" hits="0" branch="False" />
            <line number="309" hits="0" branch="False" />
            <line number="310" hits="0" branch="False" />
            <line number="311" hits="0" branch="False" />
            <line number="313" hits="0" branch="False" />
            <line number="314" hits="0" branch="False" />
            <line number="315" hits="0" branch="False" />
            <line number="316" hits="0" branch="False" />
            <line number="317" hits="0" branch="False" />
            <line number="319" hits="2" branch="False" />
          </lines>
        </class>
        <class name="LoginController/&lt;GoogleCallback&gt;d__21" filename="Controllers\LoginController.cs" line-rate="0.21050000000000002" branch-rate="0.25" complexity="4">
          <methods>
            <method name="MoveNext" signature="()" line-rate="0.21050000000000002" branch-rate="0.25" complexity="4">
              <lines>
                <line number="583" hits="1" branch="False" />
                <line number="584" hits="1" branch="False" />
                <line number="585" hits="2" branch="True" condition-coverage="50% (1/2)">
                  <conditions>
                    <condition number="193" type="jump" coverage="50%" />
                  </conditions>
                </line>
                <line number="587" hits="0" branch="False" />
                <line number="588" hits="0" branch="False" />
                <line number="590" hits="0" branch="True" condition-coverage="0% (0/2)">
                  <conditions>
                    <condition number="396" type="jump" coverage="0%" />
                  </conditions>
                </line>
                <line number="591" hits="0" branch="False" />
                <line number="592" hits="0" branch="False" />
                <line number="593" hits="0" branch="False" />
                <line number="594" hits="0" branch="False" />
                <line number="595" hits="0" branch="False" />
                <line number="596" hits="0" branch="False" />
                <line number="597" hits="0" branch="False" />
                <line number="598" hits="0" branch="False" />
                <line number="599" hits="0" branch="False" />
                <line number="600" hits="0" branch="False" />
                <line number="602" hits="0" branch="False" />
                <line number="603" hits="0" branch="False" />
                <line number="604" hits="1" branch="False" />
              </lines>
            </method>
          </methods>
          <lines>
            <line number="583" hits="1" branch="False" />
            <line number="584" hits="1" branch="False" />
            <line number="585" hits="2" branch="True" condition-coverage="50% (1/2)">
              <conditions>
                <condition number="193" type="jump" coverage="50%" />
              </conditions>
            </line>
            <line number="587" hits="0" branch="False" />
            <line number="588" hits="0" branch="False" />
            <line number="590" hits="0" branch="True" condition-coverage="0% (0/2)">
              <conditions>
                <condition number="396" type="jump" coverage="0%" />
              </conditions>
            </line>
            <line number="591" hits="0" branch="False" />
            <line number="592" hits="0" branch="False" />
            <line number="593" hits="0" branch="False" />
            <line number="594" hits="0" branch="False" />
            <line number="595" hits="0" branch="False" />
            <line number="596" hits="0" branch="False" />
            <line number="597" hits="0" branch="False" />
            <line number="598" hits="0" branch="False" />
            <line number="599" hits="0" branch="False" />
            <line number="600" hits="0" branch="False" />
            <line number="602" hits="0" branch="False" />
            <line number="603" hits="0" branch="False" />
            <line number="604" hits="1" branch="False" />
          </lines>
        </class>
        <class name="LoginController/&lt;GoogleMobile&gt;d__22" filename="Controllers\LoginController.cs" line-rate="0.5652" branch-rate="0.5" complexity="2">
          <methods>
            <method name="MoveNext" signature="()" line-rate="0.5652" branch-rate="0.5" complexity="2">
              <lines>
                <line number="608" hits="2" branch="False" />
                <line number="610" hits="2" branch="False" />
                <line number="611" hits="2" branch="False" />
                <line number="612" hits="2" branch="False" />
                <line number="613" hits="2" branch="False" />
                <line number="615" hits="2" branch="False" />
                <line number="616" hits="1" branch="True" condition-coverage="50% (1/2)">
                  <conditions>
                    <condition number="378" type="jump" coverage="50%" />
                  </conditions>
                </line>
                <line number="617" hits="0" branch="False" />
                <line number="618" hits="0" branch="False" />
                <line number="619" hits="0" branch="False" />
                <line number="620" hits="0" branch="False" />
                <line number="621" hits="0" branch="False" />
                <line number="622" hits="0" branch="False" />
                <line number="623" hits="0" branch="False" />
                <line number="624" hits="0" branch="False" />
                <line number="625" hits="0" branch="False" />
                <line number="626" hits="0" branch="False" />
                <line number="628" hits="1" branch="False" />
                <line number="629" hits="1" branch="False" />
                <line number="631" hits="1" branch="False" />
                <line number="632" hits="1" branch="False" />
                <line number="633" hits="1" branch="False" />
                <line number="635" hits="2" branch="False" />
              </lines>
            </method>
          </methods>
          <lines>
            <line number="608" hits="2" branch="False" />
            <line number="610" hits="2" branch="False" />
            <line number="611" hits="2" branch="False" />
            <line number="612" hits="2" branch="False" />
            <line number="613" hits="2" branch="False" />
            <line number="615" hits="2" branch="False" />
            <line number="616" hits="1" branch="True" condition-coverage="50% (1/2)">
              <conditions>
                <condition number="378" type="jump" coverage="50%" />
              </conditions>
            </line>
            <line number="617" hits="0" branch="False" />
            <line number="618" hits="0" branch="False" />
            <line number="619" hits="0" branch="False" />
            <line number="620" hits="0" branch="False" />
            <line number="621" hits="0" branch="False" />
            <line number="622" hits="0" branch="False" />
            <line number="623" hits="0" branch="False" />
            <line number="624" hits="0" branch="False" />
            <line number="625" hits="0" branch="False" />
            <line number="626" hits="0" branch="False" />
            <line number="628" hits="1" branch="False" />
            <line number="629" hits="1" branch="False" />
            <line number="631" hits="1" branch="False" />
            <line number="632" hits="1" branch="False" />
            <line number="633" hits="1" branch="False" />
            <line number="635" hits="2" branch="False" />
          </lines>
        </class>
        <class name="LoginController/&lt;Login&gt;d__19" filename="Controllers\LoginController.cs" line-rate="1" branch-rate="1" complexity="4">
          <methods>
            <method name="MoveNext" signature="()" line-rate="1" branch-rate="1" complexity="4">
              <lines>
                <line number="559" hits="3" branch="False" />
                <line number="560" hits="3" branch="False" />
                <line number="561" hits="3" branch="False" />
                <line number="562" hits="3" branch="False" />
                <line number="563" hits="3" branch="False" />
                <line number="564" hits="3" branch="False" />
                <line number="565" hits="4" branch="True" condition-coverage="100% (2/2)">
                  <conditions>
                    <condition number="311" type="jump" coverage="100%" />
                  </conditions>
                </line>
                <line number="566" hits="2" branch="False" />
                <line number="567" hits="2" branch="False" />
                <line number="568" hits="3" branch="True" condition-coverage="100% (2/2)">
                  <conditions>
                    <condition number="527" type="jump" coverage="100%" />
                  </conditions>
                </line>
                <line number="570" hits="1" branch="False" />
                <line number="571" hits="1" branch="False" />
                <line number="572" hits="3" branch="False" />
              </lines>
            </method>
          </methods>
          <lines>
            <line number="559" hits="3" branch="False" />
            <line number="560" hits="3" branch="False" />
            <line number="561" hits="3" branch="False" />
            <line number="562" hits="3" branch="False" />
            <line number="563" hits="3" branch="False" />
            <line number="564" hits="3" branch="False" />
            <line number="565" hits="4" branch="True" condition-coverage="100% (2/2)">
              <conditions>
                <condition number="311" type="jump" coverage="100%" />
              </conditions>
            </line>
            <line number="566" hits="2" branch="False" />
            <line number="567" hits="2" branch="False" />
            <line number="568" hits="3" branch="True" condition-coverage="100% (2/2)">
              <conditions>
                <condition number="527" type="jump" coverage="100%" />
              </conditions>
            </line>
            <line number="570" hits="1" branch="False" />
            <line number="571" hits="1" branch="False" />
            <line number="572" hits="3" branch="False" />
          </lines>
        </class>
        <class name="LoginController/&lt;Logout&gt;d__27" filename="Controllers\LoginController.cs" line-rate="0.8234999999999999" branch-rate="1" complexity="2">
          <methods>
            <method name="MoveNext" signature="()" line-rate="0.8234999999999999" branch-rate="1" complexity="2">
              <lines>
                <line number="720" hits="3" branch="False" />
                <line number="722" hits="3" branch="False" />
                <line number="723" hits="3" branch="False" />
                <line number="724" hits="3" branch="False" />
                <line number="726" hits="3" branch="True" condition-coverage="100% (2/2)">
                  <conditions>
                    <condition number="226" type="jump" coverage="100%" />
                  </conditions>
                </line>
                <line number="727" hits="2" branch="False" />
                <line number="729" hits="1" branch="False" />
                <line number="731" hits="1" branch="False" />
                <line number="733" hits="1" branch="False" />
                <line number="734" hits="1" branch="False" />
                <line number="735" hits="1" branch="False" />
                <line number="736" hits="1" branch="False" />
                <line number="737" hits="1" branch="False" />
                <line number="739" hits="0" branch="False" />
                <line number="740" hits="0" branch="False" />
                <line number="741" hits="0" branch="False" />
                <line number="743" hits="3" branch="False" />
              </lines>
            </method>
          </methods>
          <lines>
            <line number="720" hits="3" branch="False" />
            <line number="722" hits="3" branch="False" />
            <line number="723" hits="3" branch="False" />
            <line number="724" hits="3" branch="False" />
            <line number="726" hits="3" branch="True" condition-coverage="100% (2/2)">
              <conditions>
                <condition number="226" type="jump" coverage="100%" />
              </conditions>
            </line>
            <line number="727" hits="2" branch="False" />
            <line number="729" hits="1" branch="False" />
            <line number="731" hits="1" branch="False" />
            <line number="733" hits="1" branch="False" />
            <line number="734" hits="1" branch="False" />
            <line number="735" hits="1" branch="False" />
            <line number="736" hits="1" branch="False" />
            <line number="737" hits="1" branch="False" />
            <line number="739" hits="0" branch="False" />
            <line number="740" hits="0" branch="False" />
            <line number="741" hits="0" branch="False" />
            <line number="743" hits="3" branch="False" />
          </lines>
        </class>
        <class name="LoginController/&lt;MicrosoftCallback&gt;d__26" filename="Controllers\LoginController.cs" line-rate="0.40619999999999995" branch-rate="0.38880000000000003" complexity="18">
          <methods>
            <method name="MoveNext" signature="()" line-rate="0.40619999999999995" branch-rate="0.38880000000000003" complexity="18">
              <lines>
                <line number="678" hits="2" branch="False" />
                <line number="679" hits="2" branch="False" />
                <line number="680" hits="3" branch="True" condition-coverage="100% (2/2)">
                  <conditions>
                    <condition number="193" type="jump" coverage="100%" />
                  </conditions>
                </line>
                <line number="682" hits="1" branch="False" />
                <line number="683" hits="1" branch="True" condition-coverage="100% (2/2)">
                  <conditions>
                    <condition number="259" type="jump" coverage="100%" />
                  </conditions>
                </line>
                <line number="684" hits="1" branch="False" />
                <line number="685" hits="1" branch="True" condition-coverage="100% (2/2)">
                  <conditions>
                    <condition number="285" type="jump" coverage="100%" />
                  </conditions>
                </line>
                <line number="686" hits="1" branch="False" />
                <line number="687" hits="1" branch="False" />
                <line number="689" hits="1" branch="True" condition-coverage="50% (1/2)">
                  <conditions>
                    <condition number="330" type="jump" coverage="50%" />
                  </conditions>
                </line>
                <line number="690" hits="1" branch="False" />
                <line number="691" hits="1" branch="False" />
                <line number="694" hits="0" branch="False" />
                <line number="696" hits="0" branch="True" condition-coverage="0% (0/2)">
                  <conditions>
                    <condition number="507" type="jump" coverage="0%" />
                  </conditions>
                </line>
                <line number="697" hits="0" branch="False" />
                <line number="698" hits="0" branch="True" condition-coverage="0% (0/8)">
                  <conditions>
                    <condition number="568" type="jump" coverage="0%" />
                    <condition number="593" type="jump" coverage="0%" />
                    <condition number="630" type="jump" coverage="0%" />
                    <condition number="655" type="jump" coverage="0%" />
                  </conditions>
                </line>
                <line number="699" hits="0" branch="False" />
                <line number="700" hits="0" branch="False" />
                <line number="701" hits="0" branch="False" />
                <line number="702" hits="0" branch="False" />
                <line number="703" hits="0" branch="False" />
                <line number="704" hits="0" branch="False" />
                <line number="705" hits="0" branch="False" />
                <line number="706" hits="0" branch="False" />
                <line number="707" hits="0" branch="False" />
                <line number="708" hits="0" branch="False" />
                <line number="709" hits="0" branch="False" />
                <line number="710" hits="0" branch="False" />
                <line number="711" hits="0" branch="False" />
                <line number="713" hits="0" branch="False" />
                <line number="714" hits="0" branch="False" />
                <line number="715" hits="2" branch="False" />
              </lines>
            </method>
          </methods>
          <lines>
            <line number="678" hits="2" branch="False" />
            <line number="679" hits="2" branch="False" />
            <line number="680" hits="3" branch="True" condition-coverage="100% (2/2)">
              <conditions>
                <condition number="193" type="jump" coverage="100%" />
              </conditions>
            </line>
            <line number="682" hits="1" branch="False" />
            <line number="683" hits="1" branch="True" condition-coverage="100% (2/2)">
              <conditions>
                <condition number="259" type="jump" coverage="100%" />
              </conditions>
            </line>
            <line number="684" hits="1" branch="False" />
            <line number="685" hits="1" branch="True" condition-coverage="100% (2/2)">
              <conditions>
                <condition number="285" type="jump" coverage="100%" />
              </conditions>
            </line>
            <line number="686" hits="1" branch="False" />
            <line number="687" hits="1" branch="False" />
            <line number="689" hits="1" branch="True" condition-coverage="50% (1/2)">
              <conditions>
                <condition number="330" type="jump" coverage="50%" />
              </conditions>
            </line>
            <line number="690" hits="1" branch="False" />
            <line number="691" hits="1" branch="False" />
            <line number="694" hits="0" branch="False" />
            <line number="696" hits="0" branch="True" condition-coverage="0% (0/2)">
              <conditions>
                <condition number="507" type="jump" coverage="0%" />
              </conditions>
            </line>
            <line number="697" hits="0" branch="False" />
            <line number="698" hits="0" branch="True" condition-coverage="0% (0/8)">
              <conditions>
                <condition number="568" type="jump" coverage="0%" />
                <condition number="593" type="jump" coverage="0%" />
                <condition number="630" type="jump" coverage="0%" />
                <condition number="655" type="jump" coverage="0%" />
              </conditions>
            </line>
            <line number="699" hits="0" branch="False" />
            <line number="700" hits="0" branch="False" />
            <line number="701" hits="0" branch="False" />
            <line number="702" hits="0" branch="False" />
            <line number="703" hits="0" branch="False" />
            <line number="704" hits="0" branch="False" />
            <line number="705" hits="0" branch="False" />
            <line number="706" hits="0" branch="False" />
            <line number="707" hits="0" branch="False" />
            <line number="708" hits="0" branch="False" />
            <line number="709" hits="0" branch="False" />
            <line number="710" hits="0" branch="False" />
            <line number="711" hits="0" branch="False" />
            <line number="713" hits="0" branch="False" />
            <line number="714" hits="0" branch="False" />
            <line number="715" hits="2" branch="False" />
          </lines>
        </class>
        <class name="LoginController/&lt;Register&gt;d__18" filename="Controllers\LoginController.cs" line-rate="1" branch-rate="0.9375" complexity="16">
          <methods>
            <method name="MoveNext" signature="()" line-rate="1" branch-rate="0.9375" complexity="16">
              <lines>
[...]
            <line number="149" hits="2" branch="True" condition-coverage="100% (2/2)">
              <conditions>
                <condition number="280" type="jump" coverage="100%" />
              </conditions>
            </line>
            <line number="150" hits="1" branch="False" />
            <line number="152" hits="1" branch="False" />
            <line number="154" hits="0" branch="False" />
            <line number="155" hits="0" branch="False" />
            <line number="156" hits="0" branch="False" />
            <line number="158" hits="3" branch="False" />
          </lines>
        </class>
        <class name="Server.Controllers.StorageController/&lt;DeleteEquipmentImage&gt;d__9" filename="Controllers\StorageController.cs" line-rate="0.7857" branch-rate="1" complexity="6">
          <methods>
            <method name="MoveNext" signature="()" line-rate="0.7857" branch-rate="1" complexity="6">
              <lines>
                <line number="186" hits="3" branch="False" />
                <line number="188" hits="3" branch="False" />
                <line number="189" hits="3" branch="True" condition-coverage="100% (4/4)">
                  <conditions>
                    <condition number="38" type="jump" coverage="100%" />
                    <condition number="59" type="jump" coverage="100%" />
                  </conditions>
                </line>
                <line number="190" hits="1" branch="False" />
                <line number="191" hits="1" branch="False" />
                <line number="194" hits="2" branch="False" />
                <line number="195" hits="2" branch="False" />
                <line number="196" hits="2" branch="True" condition-coverage="100% (2/2)">
                  <conditions>
                    <condition number="280" type="jump" coverage="100%" />
                  </conditions>
                </line>
                <line number="197" hits="1" branch="False" />
                <line number="199" hits="1" branch="False" />
                <line number="201" hits="0" branch="False" />
                <line number="202" hits="0" branch="False" />
                <line number="203" hits="0" branch="False" />
                <line number="205" hits="3" branch="False" />
              </lines>
            </method>
          </methods>
          <lines>
            <line number="186" hits="3" branch="False" />
            <line number="188" hits="3" branch="False" />
            <line number="189" hits="3" branch="True" condition-coverage="100% (4/4)">
              <conditions>
                <condition number="38" type="jump" coverage="100%" />
                <condition number="59" type="jump" coverage="100%" />
              </conditions>
            </line>
            <line number="190" hits="1" branch="False" />
            <line number="191" hits="1" branch="False" />
            <line number="194" hits="2" branch="False" />
            <line number="195" hits="2" branch="False" />
            <line number="196" hits="2" branch="True" condition-coverage="100% (2/2)">
              <conditions>
                <condition number="280" type="jump" coverage="100%" />
              </conditions>
            </line>
            <line number="197" hits="1" branch="False" />
            <line number="199" hits="1" branch="False" />
            <line number="201" hits="0" branch="False" />
            <line number="202" hits="0" branch="False" />
            <line number="203" hits="0" branch="False" />
            <line number="205" hits="3" branch="False" />
          </lines>
        </class>
        <class name="Server.Controllers.StorageController/&lt;GetAvatar&gt;d__6" filename="Controllers\StorageController.cs" line-rate="0.7857" branch-rate="1" complexity="6">
          <methods>
            <method name="MoveNext" signature="()" line-rate="0.7857" branch-rate="1" complexity="6">
              <lines>
                <line number="116" hits="3" branch="False" />
                <line number="118" hits="3" branch="False" />
                <line number="119" hits="3" branch="True" condition-coverage="100% (4/4)">
                  <conditions>
                    <condition number="38" type="jump" coverage="100%" />
                    <condition number="59" type="jump" coverage="100%" />
                  </conditions>
                </line>
                <line number="120" hits="1" branch="False" />
                <line number="121" hits="1" branch="False" />
                <line number="124" hits="2" branch="False" />
                <line number="125" hits="2" branch="False" />
                <line number="126" hits="2" branch="True" condition-coverage="100% (2/2)">
                  <conditions>
                    <condition number="287" type="jump" coverage="100%" />
                  </conditions>
                </line>
                <line number="127" hits="1" branch="False" />
                <line number="129" hits="1" branch="False" />
                <line number="131" hits="0" branch="False" />
                <line number="132" hits="0" branch="False" />
                <line number="133" hits="0" branch="False" />
                <line number="135" hits="3" branch="False" />
              </lines>
            </method>
          </methods>
          <lines>
            <line number="116" hits="3" branch="False" />
            <line number="118" hits="3" branch="False" />
            <line number="119" hits="3" branch="True" condition-coverage="100% (4/4)">
              <conditions>
                <condition number="38" type="jump" coverage="100%" />
                <condition number="59" type="jump" coverage="100%" />
              </conditions>
            </line>
            <line number="120" hits="1" branch="False" />
            <line number="121" hits="1" branch="False" />
            <line number="124" hits="2" branch="False" />
            <line number="125" hits="2" branch="False" />
            <line number="126" hits="2" branch="True" condition-coverage="100% (2/2)">
              <conditions>
                <condition number="287" type="jump" coverage="100%" />
              </conditions>
            </line>
            <line number="127" hits="1" branch="False" />
            <line number="129" hits="1" branch="False" />
            <line number="131" hits="0" branch="False" />
            <line number="132" hits="0" branch="False" />
            <line number="133" hits="0" branch="False" />
            <line number="135" hits="3" branch="False" />
          </lines>
        </class>
        <class name="Server.Controllers.StorageController/&lt;GetEquipmentImage&gt;d__8" filename="Controllers\StorageController.cs" line-rate="0.7857" branch-rate="1" complexity="6">
          <methods>
            <method name="MoveNext" signature="()" line-rate="0.7857" branch-rate="1" complexity="6">
              <lines>
                <line number="163" hits="3" branch="False" />
                <line number="165" hits="3" branch="False" />
                <line number="166" hits="3" branch="True" condition-coverage="100% (4/4)">
                  <conditions>
                    <condition number="38" type="jump" coverage="100%" />
                    <condition number="59" type="jump" coverage="100%" />
                  </conditions>
                </line>
                <line number="167" hits="1" branch="False" />
                <line number="168" hits="1" branch="False" />
                <line number="171" hits="2" branch="False" />
                <line number="172" hits="2" branch="False" />
                <line number="173" hits="2" branch="True" condition-coverage="100% (2/2)">
                  <conditions>
                    <condition number="287" type="jump" coverage="100%" />
                  </conditions>
                </line>
                <line number="174" hits="1" branch="False" />
                <line number="176" hits="1" branch="False" />
                <line number="178" hits="0" branch="False" />
                <line number="179" hits="0" branch="False" />
                <line number="180" hits="0" branch="False" />
                <line number="182" hits="3" branch="False" />
              </lines>
            </method>
          </methods>
          <lines>
            <line number="163" hits="3" branch="False" />
            <line number="165" hits="3" branch="False" />
            <line number="166" hits="3" branch="True" condition-coverage="100% (4/4)">
              <conditions>
                <condition number="38" type="jump" coverage="100%" />
                <condition number="59" type="jump" coverage="100%" />
              </conditions>
            </line>
            <line number="167" hits="1" branch="False" />
            <line number="168" hits="1" branch="False" />
            <line number="171" hits="2" branch="False" />
            <line number="172" hits="2" branch="False" />
            <line number="173" hits="2" branch="True" condition-coverage="100% (2/2)">
              <conditions>
                <condition number="287" type="jump" coverage="100%" />
              </conditions>
            </line>
            <line number="174" hits="1" branch="False" />
            <line number="176" hits="1" branch="False" />
            <line number="178" hits="0" branch="False" />
            <line number="179" hits="0" branch="False" />
            <line number="180" hits="0" branch="False" />
            <line number="182" hits="3" branch="False" />
          </lines>
        </class>
        <class name="Server.Controllers.StorageController/&lt;UploadAvatar&gt;d__5" filename="Controllers\StorageController.cs" line-rate="0.7169" branch-rate="0.5909" complexity="22">
          <methods>
            <method name="MoveNext" signature="()" line-rate="0.7169" branch-rate="0.5909" complexity="22">
              <lines>
                <line number="34" hits="5" branch="False" />
                <line number="35" hits="5" branch="False" />
                <line number="37" hits="5" branch="False" />
                <line number="38" hits="5" branch="True" condition-coverage="100% (4/4)">
                  <conditions>
                    <condition number="96" type="jump" coverage="100%" />
                    <condition number="114" type="jump" coverage="100%" />
                  </conditions>
                </line>
                <line number="39" hits="1" branch="False" />
                <line number="44" hits="4" branch="True" condition-coverage="100% (2/2)">
                  <conditions>
                    <condition number="149" type="jump" coverage="100%" />
                  </conditions>
                </line>
                <line number="45" hits="3" branch="False" />
                <line number="47" hits="3" branch="False" />
                <line number="48" hits="3" branch="False" />
                <line number="49" hits="3" branch="True" condition-coverage="100% (2/2)">
                  <conditions>
                    <condition number="242" type="jump" coverage="100%" />
                  </conditions>
                </line>
                <line number="50" hits="1" branch="False" />
                <line number="53" hits="2" branch="True" condition-coverage="100% (2/2)">
                  <conditions>
                    <condition number="289" type="jump" coverage="100%" />
                  </conditions>
                </line>
                <line number="54" hits="1" branch="False" />
                <line number="56" hits="1" branch="False" />
                <line number="57" hits="1" branch="False" />
                <line number="58" hits="1" branch="False" />
                <line number="59" hits="1" branch="False" />
                <line number="60" hits="1" branch="False" />
                <line number="61" hits="1" branch="False" />
                <line number="63" hits="1" branch="False" />
                <line number="65" hits="1" branch="False" />
                <line number="66" hits="1" branch="False" />
                <line number="67" hits="1" branch="True" condition-coverage="50% (1/2)">
                  <conditions>
                    <condition number="695" type="jump" coverage="50%" />
                  </conditions>
                </line>
                <line number="68" hits="1" branch="False" />
                <line number="70" hits="0" branch="False" />
                <line number="73" hits="0" branch="True" condition-coverage="0% (0/2)">
                  <conditions>
                    <condition number="872" type="jump" coverage="0%" />
                  </conditions>
                </line>
                <line number="74" hits="0" branch="False" />
                <line number="76" hits="0" branch="True" condition-coverage="0% (0/2)">
                  <conditions>
                    <condition number="919" type="jump" coverage="0%" />
                  </conditions>
                </line>
                <line number="78" hits="0" branch="True" condition-coverage="0% (0/4)">
                  <conditions>
                    <condition number="959" type="jump" coverage="0%" />
                    <condition number="973" type="jump" coverage="0%" />
                  </conditions>
                </line>
                <line number="79" hits="0" branch="False" />
                <line number="80" hits="0" branch="False" />
                <line number="81" hits="0" branch="False" />
                <line number="82" hits="0" branch="False" />
                <line number="83" hits="0" branch="False" />
                <line number="84" hits="0" branch="False" />
                <line number="87" hits="1" branch="False" />
                <line number="88" hits="1" branch="False" />
                <line number="90" hits="1" branch="False" />
                <line number="91" hits="1" branch="False" />
                <line number="93" hits="1" branch="False" />
                <line number="94" hits="1" branch="False" />
                <line number="97" hits="1" branch="False" />
                <line number="98" hits="1" branch="True" condition-coverage="100% (2/2)">
                  <conditions>
                    <condition number="1637" type="jump" coverage="100%" />
                  </conditions>
                </line>
                <line number="99" hits="1" branch="False" />
                <line number="100" hits="1" branch="False" />
                <line number="101" hits="1" branch="False" />
                <line number="102" hits="1" branch="False" />
                <line number="104" hits="1" branch="False" />
                <line number="106" hits="0" branch="False" />
                <line number="107" hits="0" branch="False" />
                <line number="108" hits="0" branch="False" />
                <line number="109" hits="0" branch="False" />
                <line number="111" hits="5" branch="False" />
              </lines>
            </method>
          </methods>
          <lines>
            <line number="34" hits="5" branch="False" />
            <line number="35" hits="5" branch="False" />
            <line number="37" hits="5" branch="False" />
            <line number="38" hits="5" branch="True" condition-coverage="100% (4/4)">
              <conditions>
                <condition number="96" type="jump" coverage="100%" />
                <condition number="114" type="jump" coverage="100%" />
              </conditions>
            </line>
            <line number="39" hits="1" branch="False" />
            <line number="44" hits="4" branch="True" condition-coverage="100% (2/2)">
              <conditions>
                <condition number="149" type="jump" coverage="100%" />
              </conditions>
            </line>
            <line number="45" hits="3" branch="False" />
            <line number="47" hits="3" branch="False" />
            <line number="48" hits="3" branch="False" />
            <line number="49" hits="3" branch="True" condition-coverage="100% (2/2)">
              <conditions>
                <condition number="242" type="jump" coverage="100%" />
              </conditions>
            </line>
            <line number="50" hits="1" branch="False" />
            <line number="53" hits="2" branch="True" condition-coverage="100% (2/2)">
              <conditions>
                <condition number="289" type="jump" coverage="100%" />
              </conditions>
            </line>
            <line number="54" hits="1" branch="False" />
            <line number="56" hits="1" branch="False" />
            <line number="57" hits="1" branch="False" />
            <line number="58" hits="1" branch="False" />
            <line number="59" hits="1" branch="False" />
            <line number="60" hits="1" branch="False" />
            <line number="61" hits="1" branch="False" />
            <line number="63" hits="1" branch="False" />
            <line number="65" hits="1" branch="False" />
            <line number="66" hits="1" branch="False" />
            <line number="67" hits="1" branch="True" condition-coverage="50% (1/2)">
              <conditions>
                <condition number="695" type="jump" coverage="50%" />
              </conditions>
            </line>
            <line number="68" hits="1" branch="False" />
            <line number="70" hits="0" branch="False" />
            <line number="73" hits="0" branch="True" condition-coverage="0% (0/2)">
              <conditions>
                <condition number="872" type="jump" coverage="0%" />
              </conditions>
            </line>
            <line number="74" hits="0" branch="False" />
            <line number="76" hits="0" branch="True" condition-coverage="0% (0/2)">
              <conditions>
                <condition number="919" type="jump" coverage="0%" />
              </conditions>
            </line>
            <line number="78" hits="0" branch="True" condition-coverage="0% (0/4)">
              <conditions>
                <condition number="959" type="jump" coverage="0%" />
                <condition number="973" type="jump" coverage="0%" />
              </conditions>
            </line>
            <line number="79" hits="0" branch="False" />
            <line number="80" hits="0" branch="False" />
            <line number="81" hits="0" branch="False" />
            <line number="82" hits="0" branch="False" />
            <line number="83" hits="0" branch="False" />
            <line number="84" hits="0" branch="False" />
            <line number="87" hits="1" branch="False" />
            <line number="88" hits="1" branch="False" />
            <line number="90" hits="1" branch="False" />
            <line number="91" hits="1" branch="False" />
            <line number="93" hits="1" branch="False" />
            <line number="94" hits="1" branch="False" />
            <line number="97" hits="1" branch="False" />
            <line number="98" hits="1" branch="True" condition-coverage="100% (2/2)">
              <conditions>
                <condition number="1637" type="jump" coverage="100%" />
              </conditions>
            </line>
            <line number="99" hits="1" branch="False" />
            <line number="100" hits="1" branch="False" />
            <line number="101" hits="1" branch="False" />
            <line number="102" hits="1" branch="False" />
            <line number="104" hits="1" branch="False" />
            <line number="106" hits="0" branch="False" />
            <line number="107" hits="0" branch="False" />
            <line number="108" hits="0" branch="False" />
            <line number="109" hits="0" branch="False" />
            <line number="111" hits="5" branch="False" />
          </lines>
        </class>
      </classes>
    </package>
  </packages>
</coverage>